<?xml version="1.0" encoding="UTF-8"?>
<testsuite xmlns:xsi="http://www.w3.org/2001/XMLSchema-instance" xsi:noNamespaceSchemaLocation="https://maven.apache.org/surefire/maven-surefire-plugin/xsd/surefire-test-report-3.0.xsd" version="3.0" name="cucumberStepDefs.RunCucumberTest" time="0.278" tests="2" errors="0" skipped="0" failures="1">
  <properties>
    <property name="java.specification.version" value="17"/>
    <property name="sun.jnu.encoding" value="UTF-8"/>
    <property name="java.class.path" value="/Users/thomasmattsson/Documents/GitHub/thesis_task_set_generation/target/test-classes:/Users/thomasmattsson/Documents/GitHub/thesis_task_set_generation/target/classes:/Users/thomasmattsson/.m2/repository/io/cucumber/cucumber-java/7.14.0/cucumber-java-7.14.0.jar:/Users/thomasmattsson/.m2/repository/io/cucumber/cucumber-core/7.14.0/cucumber-core-7.14.0.jar:/Users/thomasmattsson/.m2/repository/io/cucumber/cucumber-gherkin/7.14.0/cucumber-gherkin-7.14.0.jar:/Users/thomasmattsson/.m2/repository/io/cucumber/cucumber-gherkin-messages/7.14.0/cucumber-gherkin-messages-7.14.0.jar:/Users/thomasmattsson/.m2/repository/io/cucumber/gherkin/26.2.0/gherkin-26.2.0.jar:/Users/thomasmattsson/.m2/repository/io/cucumber/messages/22.0.0/messages-22.0.0.jar:/Users/thomasmattsson/.m2/repository/io/cucumber/tag-expressions/5.0.6/tag-expressions-5.0.6.jar:/Users/thomasmattsson/.m2/repository/io/cucumber/cucumber-expressions/16.1.2/cucumber-expressions-16.1.2.jar:/Users/thomasmattsson/.m2/repository/io/cucumber/datatable/7.14.0/datatable-7.14.0.jar:/Users/thomasmattsson/.m2/repository/io/cucumber/cucumber-plugin/7.14.0/cucumber-plugin-7.14.0.jar:/Users/thomasmattsson/.m2/repository/io/cucumber/docstring/7.14.0/docstring-7.14.0.jar:/Users/thomasmattsson/.m2/repository/io/cucumber/html-formatter/20.4.0/html-formatter-20.4.0.jar:/Users/thomasmattsson/.m2/repository/io/cucumber/junit-xml-formatter/0.2.0/junit-xml-formatter-0.2.0.jar:/Users/thomasmattsson/.m2/repository/io/cucumber/ci-environment/9.2.0/ci-environment-9.2.0.jar:/Users/thomasmattsson/.m2/repository/org/apiguardian/apiguardian-api/1.1.2/apiguardian-api-1.1.2.jar:/Users/thomasmattsson/.m2/repository/io/cucumber/cucumber-junit-platform-engine/7.14.0/cucumber-junit-platform-engine-7.14.0.jar:/Users/thomasmattsson/.m2/repository/org/junit/platform/junit-platform-engine/1.10.0/junit-platform-engine-1.10.0.jar:/Users/thomasmattsson/.m2/repository/org/opentest4j/opentest4j/1.3.0/opentest4j-1.3.0.jar:/Users/thomasmattsson/.m2/repository/org/junit/platform/junit-platform-commons/1.10.0/junit-platform-commons-1.10.0.jar:/Users/thomasmattsson/.m2/repository/org/junit/platform/junit-platform-suite/1.10.0/junit-platform-suite-1.10.0.jar:/Users/thomasmattsson/.m2/repository/org/junit/platform/junit-platform-suite-api/1.10.0/junit-platform-suite-api-1.10.0.jar:/Users/thomasmattsson/.m2/repository/org/junit/platform/junit-platform-suite-engine/1.10.0/junit-platform-suite-engine-1.10.0.jar:/Users/thomasmattsson/.m2/repository/org/junit/platform/junit-platform-suite-commons/1.10.0/junit-platform-suite-commons-1.10.0.jar:/Users/thomasmattsson/.m2/repository/org/junit/platform/junit-platform-launcher/1.10.0/junit-platform-launcher-1.10.0.jar:/Users/thomasmattsson/.m2/repository/org/junit/jupiter/junit-jupiter/5.10.0/junit-jupiter-5.10.0.jar:/Users/thomasmattsson/.m2/repository/org/junit/jupiter/junit-jupiter-api/5.10.0/junit-jupiter-api-5.10.0.jar:/Users/thomasmattsson/.m2/repository/org/junit/jupiter/junit-jupiter-params/5.10.0/junit-jupiter-params-5.10.0.jar:/Users/thomasmattsson/.m2/repository/org/junit/jupiter/junit-jupiter-engine/5.10.0/junit-jupiter-engine-5.10.0.jar:/Users/thomasmattsson/.m2/repository/org/apache/commons/commons-collections4/4.4/commons-collections4-4.4.jar:/Users/thomasmattsson/.m2/repository/com/opencsv/opencsv/5.8/opencsv-5.8.jar:/Users/thomasmattsson/.m2/repository/org/apache/commons/commons-lang3/3.12.0/commons-lang3-3.12.0.jar:/Users/thomasmattsson/.m2/repository/org/apache/commons/commons-text/1.10.0/commons-text-1.10.0.jar:/Users/thomasmattsson/.m2/repository/commons-beanutils/commons-beanutils/1.9.4/commons-beanutils-1.9.4.jar:/Users/thomasmattsson/.m2/repository/commons-logging/commons-logging/1.2/commons-logging-1.2.jar:"/>
    <property name="java.vm.vendor" value="Oracle Corporation"/>
    <property name="sun.arch.data.model" value="64"/>
    <property name="java.vendor.url" value="https://java.oracle.com/"/>
    <property name="user.timezone" value="Europe/Copenhagen"/>
    <property name="os.name" value="Mac OS X"/>
    <property name="java.vm.specification.version" value="17"/>
    <property name="sun.java.launcher" value="SUN_STANDARD"/>
    <property name="user.country" value="DK"/>
    <property name="sun.boot.library.path" value="/Users/thomasmattsson/Library/Java/JavaVirtualMachines/openjdk-17.0.1/Contents/Home/lib"/>
    <property name="sun.java.command" value="/Users/thomasmattsson/Documents/GitHub/thesis_task_set_generation/target/surefire/surefirebooter-20231030112100704_3.jar /Users/thomasmattsson/Documents/GitHub/thesis_task_set_generation/target/surefire 2023-10-30T11-21-00_569-jvmRun1 surefire-20231030112100704_1tmp surefire_0-20231030112100704_2tmp"/>
    <property name="jdk.debug" value="release"/>
    <property name="surefire.test.class.path" value="/Users/thomasmattsson/Documents/GitHub/thesis_task_set_generation/target/test-classes:/Users/thomasmattsson/Documents/GitHub/thesis_task_set_generation/target/classes:/Users/thomasmattsson/.m2/repository/io/cucumber/cucumber-java/7.14.0/cucumber-java-7.14.0.jar:/Users/thomasmattsson/.m2/repository/io/cucumber/cucumber-core/7.14.0/cucumber-core-7.14.0.jar:/Users/thomasmattsson/.m2/repository/io/cucumber/cucumber-gherkin/7.14.0/cucumber-gherkin-7.14.0.jar:/Users/thomasmattsson/.m2/repository/io/cucumber/cucumber-gherkin-messages/7.14.0/cucumber-gherkin-messages-7.14.0.jar:/Users/thomasmattsson/.m2/repository/io/cucumber/gherkin/26.2.0/gherkin-26.2.0.jar:/Users/thomasmattsson/.m2/repository/io/cucumber/messages/22.0.0/messages-22.0.0.jar:/Users/thomasmattsson/.m2/repository/io/cucumber/tag-expressions/5.0.6/tag-expressions-5.0.6.jar:/Users/thomasmattsson/.m2/repository/io/cucumber/cucumber-expressions/16.1.2/cucumber-expressions-16.1.2.jar:/Users/thomasmattsson/.m2/repository/io/cucumber/datatable/7.14.0/datatable-7.14.0.jar:/Users/thomasmattsson/.m2/repository/io/cucumber/cucumber-plugin/7.14.0/cucumber-plugin-7.14.0.jar:/Users/thomasmattsson/.m2/repository/io/cucumber/docstring/7.14.0/docstring-7.14.0.jar:/Users/thomasmattsson/.m2/repository/io/cucumber/html-formatter/20.4.0/html-formatter-20.4.0.jar:/Users/thomasmattsson/.m2/repository/io/cucumber/junit-xml-formatter/0.2.0/junit-xml-formatter-0.2.0.jar:/Users/thomasmattsson/.m2/repository/io/cucumber/ci-environment/9.2.0/ci-environment-9.2.0.jar:/Users/thomasmattsson/.m2/repository/org/apiguardian/apiguardian-api/1.1.2/apiguardian-api-1.1.2.jar:/Users/thomasmattsson/.m2/repository/io/cucumber/cucumber-junit-platform-engine/7.14.0/cucumber-junit-platform-engine-7.14.0.jar:/Users/thomasmattsson/.m2/repository/org/junit/platform/junit-platform-engine/1.10.0/junit-platform-engine-1.10.0.jar:/Users/thomasmattsson/.m2/repository/org/opentest4j/opentest4j/1.3.0/opentest4j-1.3.0.jar:/Users/thomasmattsson/.m2/repository/org/junit/platform/junit-platform-commons/1.10.0/junit-platform-commons-1.10.0.jar:/Users/thomasmattsson/.m2/repository/org/junit/platform/junit-platform-suite/1.10.0/junit-platform-suite-1.10.0.jar:/Users/thomasmattsson/.m2/repository/org/junit/platform/junit-platform-suite-api/1.10.0/junit-platform-suite-api-1.10.0.jar:/Users/thomasmattsson/.m2/repository/org/junit/platform/junit-platform-suite-engine/1.10.0/junit-platform-suite-engine-1.10.0.jar:/Users/thomasmattsson/.m2/repository/org/junit/platform/junit-platform-suite-commons/1.10.0/junit-platform-suite-commons-1.10.0.jar:/Users/thomasmattsson/.m2/repository/org/junit/platform/junit-platform-launcher/1.10.0/junit-platform-launcher-1.10.0.jar:/Users/thomasmattsson/.m2/repository/org/junit/jupiter/junit-jupiter/5.10.0/junit-jupiter-5.10.0.jar:/Users/thomasmattsson/.m2/repository/org/junit/jupiter/junit-jupiter-api/5.10.0/junit-jupiter-api-5.10.0.jar:/Users/thomasmattsson/.m2/repository/org/junit/jupiter/junit-jupiter-params/5.10.0/junit-jupiter-params-5.10.0.jar:/Users/thomasmattsson/.m2/repository/org/junit/jupiter/junit-jupiter-engine/5.10.0/junit-jupiter-engine-5.10.0.jar:/Users/thomasmattsson/.m2/repository/org/apache/commons/commons-collections4/4.4/commons-collections4-4.4.jar:/Users/thomasmattsson/.m2/repository/com/opencsv/opencsv/5.8/opencsv-5.8.jar:/Users/thomasmattsson/.m2/repository/org/apache/commons/commons-lang3/3.12.0/commons-lang3-3.12.0.jar:/Users/thomasmattsson/.m2/repository/org/apache/commons/commons-text/1.10.0/commons-text-1.10.0.jar:/Users/thomasmattsson/.m2/repository/commons-beanutils/commons-beanutils/1.9.4/commons-beanutils-1.9.4.jar:/Users/thomasmattsson/.m2/repository/commons-logging/commons-logging/1.2/commons-logging-1.2.jar:"/>
    <property name="sun.cpu.endian" value="little"/>
    <property name="user.home" value="/Users/thomasmattsson"/>
    <property name="user.language" value="da"/>
    <property name="java.specification.vendor" value="Oracle Corporation"/>
    <property name="java.version.date" value="2021-10-19"/>
    <property name="java.home" value="/Users/thomasmattsson/Library/Java/JavaVirtualMachines/openjdk-17.0.1/Contents/Home"/>
    <property name="file.separator" value="/"/>
    <property name="basedir" value="/Users/thomasmattsson/Documents/GitHub/thesis_task_set_generation"/>
    <property name="java.vm.compressedOopsMode" value="Zero based"/>
    <property name="line.separator" value="&#10;"/>
    <property name="java.vm.specification.vendor" value="Oracle Corporation"/>
    <property name="java.specification.name" value="Java Platform API Specification"/>
    <property name="surefire.real.class.path" value="/Users/thomasmattsson/Documents/GitHub/thesis_task_set_generation/target/surefire/surefirebooter-20231030112100704_3.jar"/>
    <property name="sun.management.compiler" value="HotSpot 64-Bit Tiered Compilers"/>
    <property name="java.runtime.version" value="17.0.1+12-39"/>
    <property name="user.name" value="thomasmattsson"/>
    <property name="path.separator" value=":"/>
    <property name="os.version" value="14.0"/>
    <property name="java.runtime.name" value="OpenJDK Runtime Environment"/>
    <property name="file.encoding" value="UTF-8"/>
    <property name="java.vm.name" value="OpenJDK 64-Bit Server VM"/>
    <property name="localRepository" value="/Users/thomasmattsson/.m2/repository"/>
    <property name="java.vendor.url.bug" value="https://bugreport.java.com/bugreport/"/>
    <property name="java.io.tmpdir" value="/var/folders/xf/9s3l1jh14bvdzs049xkzfspc0000gn/T/"/>
    <property name="idea.version" value="2023.2.3"/>
    <property name="java.version" value="17.0.1"/>
    <property name="user.dir" value="/Users/thomasmattsson/Documents/GitHub/thesis_task_set_generation"/>
    <property name="os.arch" value="x86_64"/>
    <property name="java.vm.specification.name" value="Java Virtual Machine Specification"/>
    <property name="native.encoding" value="UTF-8"/>
    <property name="java.library.path" value="/Users/thomasmattsson/Library/Java/Extensions:/Library/Java/Extensions:/Network/Library/Java/Extensions:/System/Library/Java/Extensions:/usr/lib/java:."/>
    <property name="java.vm.info" value="mixed mode, sharing"/>
    <property name="java.vendor" value="Oracle Corporation"/>
    <property name="java.vm.version" value="17.0.1+12-39"/>
    <property name="sun.io.unicode.encoding" value="UnicodeBig"/>
    <property name="java.class.version" value="61.0"/>
  </properties>
  <testcase name="Saving a file in the correct subfolder" classname="save csv file" time="0.101">
    <failure message="expected: &lt;true&gt; but was: &lt;false&gt;" type="org.opentest4j.AssertionFailedError"><![CDATA[org.opentest4j.AssertionFailedError: expected: <true> but was: <false>
	at cucumberStepDefs.csvSteps.aFileWithTheCorrectFilenameIsCreatedInASubfolderMatchingParameterName(csvSteps.java:46)
	at ✽.a file with the correct filename is created in a subfolder matching parameter name(classpath:featureFiles/csv.feature:6)
]]></failure>
    <system-out><![CDATA[
Scenario: Saving a file in the correct subfolder                                          &amp#27;[90m# featureFiles/csv.feature:3&amp#27;[0m
  &amp#27;[32mGiven &amp#27;[0m&amp#27;[32man empty testCasesTest directory&amp#27;[0m                                                  &amp#27;[90m# cucumberStepDefs.csvSteps.theCsvMethodIsCalled()&amp#27;[0m
  &amp#27;[32mWhen &amp#27;[0m&amp#27;[32mthe csv method is called&amp#27;[0m                                                           &amp#27;[90m# cucumberStepDefs.csvSteps.aCsvFileAndASubfolderDoesNotExist()&amp#27;[0m
  &amp#27;[31mThen &amp#27;[0m&amp#27;[31ma file with the correct filename is created in a subfolder matching parameter name&amp#27;[0m &amp#27;[90m# cucumberStepDefs.csvSteps.aFileWithTheCorrectFilenameIsCreatedInASubfolderMatchingParameterName()&amp#27;[0m
      &amp#27;[31morg.opentest4j.AssertionFailedError: expected: <true> but was: <false>
	at org.junit.jupiter.api.AssertionFailureBuilder.build(AssertionFailureBuilder.java:151)
	at org.junit.jupiter.api.AssertionFailureBuilder.buildAndThrow(AssertionFailureBuilder.java:132)
	at org.junit.jupiter.api.AssertTrue.failNotTrue(AssertTrue.java:63)
	at org.junit.jupiter.api.AssertTrue.assertTrue(AssertTrue.java:36)
	at org.junit.jupiter.api.AssertTrue.assertTrue(AssertTrue.java:31)
	at org.junit.jupiter.api.Assertions.assertTrue(Assertions.java:179)
	at cucumberStepDefs.csvSteps.aFileWithTheCorrectFilenameIsCreatedInASubfolderMatchingParameterName(csvSteps.java:46)
	at ✽.a file with the correct filename is created in a subfolder matching parameter name(classpath:featureFiles/csv.feature:6)
&amp#27;[0m
]]></system-out>
  </testcase>
  <testcase name="The example" classname="An example" time="0.006">
    <system-out><![CDATA[
Scenario: The example                       &amp#27;[90m# featureFiles/example.feature:3&amp#27;[0m
  &amp#27;[32mGiven &amp#27;[0m&amp#27;[32man example scenario&amp#27;[0m                 &amp#27;[90m# cucumberStepDefs.StepDefinitionsTest.anExampleScenario()&amp#27;[0m
  &amp#27;[32mWhen &amp#27;[0m&amp#27;[32mall step definitions are implemented&amp#27;[0m &amp#27;[90m# cucumberStepDefs.StepDefinitionsTest.allStepDefinitionsAreImplemented()&amp#27;[0m
  &amp#27;[32mThen &amp#27;[0m&amp#27;[32mthe scenario passes&amp#27;[0m                  &amp#27;[90m# cucumberStepDefs.StepDefinitionsTest.theScenarioPasses()&amp#27;[0m
]]></system-out>
  </testcase>
</testsuite>